{"timestamp": "2025-05-15T21:18:33.971393", "level": "INFO", "logger": "app.core.file_manager", "message": "{\"timestamp\": \"2025-05-15T21:18:33.971284\", \"message\": \"Diret\\u00f3rio criado/existente: /home/rafael/Desktop/projetos/yduqs_back/app/downloadHeygen\"}"}
{"timestamp": "2025-05-15T21:18:33.987292", "level": "INFO", "logger": "app.core.file_manager", "message": "{\"timestamp\": \"2025-05-15T21:18:33.987167\", \"message\": \"Diret\\u00f3rio criado/existente: /home/rafael/Desktop/projetos/yduqs_back/app/videosEstudio\"}"}
{"timestamp": "2025-05-15T21:18:33.987479", "level": "INFO", "logger": "app.core.file_manager", "message": "{\"timestamp\": \"2025-05-15T21:18:33.987420\", \"message\": \"Diret\\u00f3rio criado/existente: /home/rafael/Desktop/projetos/yduqs_back/app/arquivosTemporarios\"}"}
{"timestamp": "2025-05-15T21:23:08.682785", "level": "INFO", "logger": "app.core.file_manager", "message": "Diret\u00f3rio criado/existente: /home/rafael/Desktop/projetos/yduqs_back/app/downloadHeygen"}
{"timestamp": "2025-05-15T21:23:08.696824", "level": "INFO", "logger": "app.core.file_manager", "message": "Diret\u00f3rio criado/existente: /home/rafael/Desktop/projetos/yduqs_back/app/videosEstudio"}
{"timestamp": "2025-05-15T21:23:08.696986", "level": "INFO", "logger": "app.core.file_manager", "message": "Diret\u00f3rio criado/existente: /home/rafael/Desktop/projetos/yduqs_back/app/arquivosTemporarios"}
{"timestamp": "2025-05-15T21:25:29.826947", "level": "INFO", "logger": "app.core.file_manager", "message": "Diret\u00f3rio criado/existente: /home/rafael/Desktop/projetos/yduqs_back/app/downloadHeygen"}
{"timestamp": "2025-05-15T21:25:29.841758", "level": "INFO", "logger": "app.core.file_manager", "message": "Diret\u00f3rio criado/existente: /home/rafael/Desktop/projetos/yduqs_back/app/videosEstudio"}
{"timestamp": "2025-05-15T21:25:29.841921", "level": "INFO", "logger": "app.core.file_manager", "message": "Diret\u00f3rio criado/existente: /home/rafael/Desktop/projetos/yduqs_back/app/arquivosTemporarios"}
{"timestamp": "2025-05-15T21:46:21.311787", "level": "INFO", "logger": "app.core.file_manager", "message": "Diret\u00f3rio criado/existente: /home/rafael/Desktop/projetos/yduqs_back/app/downloadHeygen"}
{"timestamp": "2025-05-15T21:46:21.327583", "level": "INFO", "logger": "app.core.file_manager", "message": "Diret\u00f3rio criado/existente: /home/rafael/Desktop/projetos/yduqs_back/app/videosEstudio"}
{"timestamp": "2025-05-15T21:46:21.327763", "level": "INFO", "logger": "app.core.file_manager", "message": "Diret\u00f3rio criado/existente: /home/rafael/Desktop/projetos/yduqs_back/app/arquivosTemporarios"}
{"timestamp": "2025-05-15T21:50:39.750224", "level": "INFO", "logger": "app.core.file_manager", "message": "Diret\u00f3rio criado/existente: /home/rafael/Desktop/projetos/yduqs_back/app/downloadHeygen"}
{"timestamp": "2025-05-15T21:50:39.765265", "level": "INFO", "logger": "app.core.file_manager", "message": "Diret\u00f3rio criado/existente: /home/rafael/Desktop/projetos/yduqs_back/app/videosEstudio"}
{"timestamp": "2025-05-15T21:50:39.765421", "level": "INFO", "logger": "app.core.file_manager", "message": "Diret\u00f3rio criado/existente: /home/rafael/Desktop/projetos/yduqs_back/app/arquivosTemporarios"}
{"timestamp": "2025-05-15T21:56:46.819884", "level": "INFO", "logger": "app.core.file_manager", "message": "Diret\u00f3rio criado/existente: /home/rafael/Desktop/projetos/yduqs_back/app/downloadHeygen"}
{"timestamp": "2025-05-15T21:56:46.834690", "level": "INFO", "logger": "app.core.file_manager", "message": "Diret\u00f3rio criado/existente: /home/rafael/Desktop/projetos/yduqs_back/app/videosEstudio"}
{"timestamp": "2025-05-15T21:56:46.834834", "level": "INFO", "logger": "app.core.file_manager", "message": "Diret\u00f3rio criado/existente: /home/rafael/Desktop/projetos/yduqs_back/app/arquivosTemporarios"}
{"timestamp": "2025-05-15T22:08:27.391012", "level": "INFO", "logger": "app.core.file_manager", "message": "Diret\u00f3rio criado/existente: /home/rafael/Desktop/projetos/yduqs_back/app/downloadHeygen"}
{"timestamp": "2025-05-15T22:09:13.222491", "level": "INFO", "logger": "app.core.file_manager", "message": "Diret\u00f3rio criado/existente: /home/rafael/Desktop/projetos/yduqs_back/app/downloadHeygen"}
{"timestamp": "2025-05-15T22:10:22.219131", "level": "INFO", "logger": "app.core.file_manager", "message": "Diret\u00f3rio criado/existente: /home/rafael/Desktop/projetos/yduqs_back/app/downloadHeygen"}
{"timestamp": "2025-05-15T22:10:22.231855", "level": "INFO", "logger": "app.core.file_manager", "message": "Diret\u00f3rio criado/existente: /home/rafael/Desktop/projetos/yduqs_back/app/downloadEstudio"}
{"timestamp": "2025-05-15T22:10:22.232014", "level": "INFO", "logger": "app.core.file_manager", "message": "Diret\u00f3rio criado/existente: app/arquivosTemporarios"}
{"timestamp": "2025-05-15T22:18:02.494535", "level": "INFO", "logger": "app.core.file_manager", "message": "Diret\u00f3rio criado/existente: /home/rafael/Desktop/projetos/yduqs_back/app/downloadHeygen"}
{"timestamp": "2025-05-15T22:18:02.510580", "level": "INFO", "logger": "app.core.file_manager", "message": "Diret\u00f3rio criado/existente: /home/rafael/Desktop/projetos/yduqs_back/app/downloadEstudio"}
{"timestamp": "2025-05-15T22:18:02.510744", "level": "INFO", "logger": "app.core.file_manager", "message": "Diret\u00f3rio criado/existente: app/arquivosTemporarios"}
{"timestamp": "2025-05-15T22:23:18.019219", "level": "INFO", "logger": "app.core.file_manager", "message": "Diret\u00f3rio criado/existente: /home/rafael/Desktop/projetos/yduqs_back/app/downloadHeygen"}
{"timestamp": "2025-05-15T22:23:18.035301", "level": "INFO", "logger": "app.core.file_manager", "message": "Diret\u00f3rio criado/existente: /home/rafael/Desktop/projetos/yduqs_back/app/downloadEstudio"}
{"timestamp": "2025-05-15T22:23:18.035458", "level": "INFO", "logger": "app.core.file_manager", "message": "Diret\u00f3rio criado/existente: app/arquivosTemporarios"}
{"timestamp": "2025-05-15T22:25:07.150408", "level": "INFO", "logger": "app.core.file_manager", "message": "Diret\u00f3rio criado/existente: /home/rafael/Desktop/projetos/yduqs_back/app/downloadHeygen"}
{"timestamp": "2025-05-15T22:25:07.169859", "level": "INFO", "logger": "app.core.file_manager", "message": "Diret\u00f3rio criado/existente: /home/rafael/Desktop/projetos/yduqs_back/app/downloadEstudio"}
{"timestamp": "2025-05-15T22:25:07.170079", "level": "INFO", "logger": "app.core.file_manager", "message": "Diret\u00f3rio criado/existente: app/arquivosTemporarios"}
{"timestamp": "2025-05-15T22:25:15.483987", "level": "INFO", "logger": "app.core.file_manager", "message": "Diret\u00f3rio criado/existente: /home/rafael/Desktop/projetos/yduqs_back/app/downloadHeygen"}
{"timestamp": "2025-05-15T22:25:15.499807", "level": "INFO", "logger": "app.core.file_manager", "message": "Diret\u00f3rio criado/existente: /home/rafael/Desktop/projetos/yduqs_back/app/downloadEstudio"}
{"timestamp": "2025-05-15T22:25:15.500056", "level": "INFO", "logger": "app.core.file_manager", "message": "Diret\u00f3rio criado/existente: app/arquivosTemporarios"}
{"timestamp": "2025-05-15T22:26:44.634949", "level": "INFO", "logger": "app.core.file_manager", "message": "Diret\u00f3rio criado/existente: /home/rafael/Desktop/projetos/yduqs_back/app/downloadHeygen"}
{"timestamp": "2025-05-15T22:26:44.656183", "level": "INFO", "logger": "app.core.file_manager", "message": "Diret\u00f3rio criado/existente: /home/rafael/Desktop/projetos/yduqs_back/app/downloadEstudio"}
{"timestamp": "2025-05-15T22:26:44.656889", "level": "INFO", "logger": "app.core.file_manager", "message": "Diret\u00f3rio criado/existente: app/arquivosTemporarios"}
{"timestamp": "2025-05-15T22:28:24.512146", "level": "INFO", "logger": "app.core.file_manager", "message": "Diret\u00f3rio criado/existente: /home/rafael/Desktop/projetos/yduqs_back/app/downloadHeygen"}
{"timestamp": "2025-05-15T22:28:24.531495", "level": "INFO", "logger": "app.core.file_manager", "message": "Diret\u00f3rio criado/existente: /home/rafael/Desktop/projetos/yduqs_back/app/downloadEstudio"}
{"timestamp": "2025-05-15T22:28:24.531752", "level": "INFO", "logger": "app.core.file_manager", "message": "Diret\u00f3rio criado/existente: app/arquivosTemporarios"}
{"timestamp": "2025-05-15T22:30:05.569399", "level": "INFO", "logger": "app.core.file_manager", "message": "Diret\u00f3rio criado/existente: /home/rafael/Desktop/projetos/yduqs_back/app/downloadHeygen"}
{"timestamp": "2025-05-15T22:30:05.589942", "level": "INFO", "logger": "app.core.file_manager", "message": "Diret\u00f3rio criado/existente: /home/rafael/Desktop/projetos/yduqs_back/app/downloadEstudio"}
{"timestamp": "2025-05-15T22:30:05.590333", "level": "INFO", "logger": "app.core.file_manager", "message": "Diret\u00f3rio criado/existente: app/arquivosTemporarios"}
{"timestamp": "2025-05-15T22:30:58.593211", "level": "INFO", "logger": "app.core.file_manager", "message": "Diret\u00f3rio criado/existente: /home/rafael/Desktop/projetos/yduqs_back/app/downloadHeygen"}
{"timestamp": "2025-05-15T22:30:58.614911", "level": "INFO", "logger": "app.core.file_manager", "message": "Diret\u00f3rio criado/existente: /home/rafael/Desktop/projetos/yduqs_back/app/downloadEstudio"}
{"timestamp": "2025-05-15T22:30:58.615291", "level": "INFO", "logger": "app.core.file_manager", "message": "Diret\u00f3rio criado/existente: app/arquivosTemporarios"}
{"timestamp": "2025-05-15T22:34:08.120671", "level": "INFO", "logger": "app.core.file_manager", "message": "Diret\u00f3rio criado/existente: /home/rafael/Desktop/projetos/yduqs_back/app/downloadHeygen"}
{"timestamp": "2025-05-15T22:34:08.137300", "level": "INFO", "logger": "app.core.file_manager", "message": "Diret\u00f3rio criado/existente: /home/rafael/Desktop/projetos/yduqs_back/app/downloadEstudio"}
{"timestamp": "2025-05-15T22:34:08.137514", "level": "INFO", "logger": "app.core.file_manager", "message": "Diret\u00f3rio criado/existente: app/arquivosTemporarios"}
{"timestamp": "2025-05-15T22:37:09.888824", "level": "INFO", "logger": "app.core.file_manager", "message": "Diret\u00f3rio criado/existente: /home/rafael/Desktop/projetos/yduqs_back/app/downloadHeygen"}
{"timestamp": "2025-05-15T22:37:09.905549", "level": "INFO", "logger": "app.core.file_manager", "message": "Diret\u00f3rio criado/existente: /home/rafael/Desktop/projetos/yduqs_back/app/downloadEstudio"}
{"timestamp": "2025-05-15T22:37:09.905763", "level": "INFO", "logger": "app.core.file_manager", "message": "Diret\u00f3rio criado/existente: app/arquivosTemporarios"}
{"timestamp": "2025-05-15T22:39:17.367832", "level": "INFO", "logger": "app.core.file_manager", "message": "Diret\u00f3rio criado/existente: /home/rafael/Desktop/projetos/yduqs_back/app/downloadHeygen"}
{"timestamp": "2025-05-15T22:39:17.384151", "level": "INFO", "logger": "app.core.file_manager", "message": "Diret\u00f3rio criado/existente: /home/rafael/Desktop/projetos/yduqs_back/app/downloadEstudio"}
{"timestamp": "2025-05-15T22:39:17.384294", "level": "INFO", "logger": "app.core.file_manager", "message": "Diret\u00f3rio criado/existente: app/arquivosTemporarios"}
{"timestamp": "2025-05-15T22:42:03.531839", "level": "INFO", "logger": "app.core.file_manager", "message": "Diret\u00f3rio criado/existente: /home/rafael/Desktop/projetos/yduqs_back/app/downloadHeygen"}
{"timestamp": "2025-05-15T22:42:03.548276", "level": "INFO", "logger": "app.core.file_manager", "message": "Diret\u00f3rio criado/existente: /home/rafael/Desktop/projetos/yduqs_back/app/downloadEstudio"}
{"timestamp": "2025-05-15T22:42:03.548466", "level": "INFO", "logger": "app.core.file_manager", "message": "Diret\u00f3rio criado/existente: app/arquivosTemporarios"}
{"timestamp": "2025-05-15T22:43:40.987645", "level": "INFO", "logger": "app.core.file_manager", "message": "Diret\u00f3rio criado/existente: /home/rafael/Desktop/projetos/yduqs_back/app/downloadHeygen"}
{"timestamp": "2025-05-15T22:43:41.003870", "level": "INFO", "logger": "app.core.file_manager", "message": "Diret\u00f3rio criado/existente: /home/rafael/Desktop/projetos/yduqs_back/app/downloadEstudio"}
{"timestamp": "2025-05-15T22:43:41.004012", "level": "INFO", "logger": "app.core.file_manager", "message": "Diret\u00f3rio criado/existente: app/arquivosTemporarios"}
{"timestamp": "2025-05-15T22:46:41.356616", "level": "INFO", "logger": "app.core.file_manager", "message": "Diret\u00f3rio criado/existente: /home/rafael/Desktop/projetos/yduqs_back/app/downloadHeygen"}
{"timestamp": "2025-05-15T22:46:41.374038", "level": "INFO", "logger": "app.core.file_manager", "message": "Diret\u00f3rio criado/existente: /home/rafael/Desktop/projetos/yduqs_back/app/downloadEstudio"}
{"timestamp": "2025-05-15T22:46:41.374206", "level": "INFO", "logger": "app.core.file_manager", "message": "Diret\u00f3rio criado/existente: app/arquivosTemporarios"}
{"timestamp": "2025-05-15T22:48:31.730205", "level": "INFO", "logger": "app.core.file_manager", "message": "Diret\u00f3rio criado/existente: /home/rafael/Desktop/projetos/yduqs_back/app/downloadHeygen"}
{"timestamp": "2025-05-15T22:48:31.746319", "level": "INFO", "logger": "app.core.file_manager", "message": "Diret\u00f3rio criado/existente: /home/rafael/Desktop/projetos/yduqs_back/app/downloadEstudio"}
{"timestamp": "2025-05-15T22:48:31.746445", "level": "INFO", "logger": "app.core.file_manager", "message": "Diret\u00f3rio criado/existente: app/arquivosTemporarios"}
{"timestamp": "2025-05-15T22:54:05.353351", "level": "INFO", "logger": "app.core.file_manager", "message": "Diret\u00f3rio criado/existente: /home/rafael/Desktop/projetos/yduqs_back/app/downloadHeygen"}
{"timestamp": "2025-05-15T22:54:05.370394", "level": "INFO", "logger": "app.core.file_manager", "message": "Diret\u00f3rio criado/existente: /home/rafael/Desktop/projetos/yduqs_back/app/downloadEstudio"}
{"timestamp": "2025-05-15T22:54:05.370545", "level": "INFO", "logger": "app.core.file_manager", "message": "Diret\u00f3rio criado/existente: app/arquivosTemporarios"}
{"timestamp": "2025-05-15T22:58:41.640595", "level": "INFO", "logger": "app.core.file_manager", "message": "Diret\u00f3rio criado/existente: /home/rafael/Desktop/projetos/yduqs_back/app/downloadHeygen"}
{"timestamp": "2025-05-15T22:58:41.683677", "level": "INFO", "logger": "app.core.file_manager", "message": "Diret\u00f3rio criado/existente: /home/rafael/Desktop/projetos/yduqs_back/app/downloadEstudio"}
{"timestamp": "2025-05-15T22:58:41.683883", "level": "INFO", "logger": "app.core.file_manager", "message": "Diret\u00f3rio criado/existente: app/arquivosTemporarios"}
{"timestamp": "2025-05-15T23:04:08.484861", "level": "INFO", "logger": "app.core.file_manager", "message": "Diret\u00f3rio criado/existente: /home/rafael/Desktop/projetos/yduqs_back/app/downloadHeygen"}
{"timestamp": "2025-05-15T23:04:08.502268", "level": "INFO", "logger": "app.core.file_manager", "message": "Diret\u00f3rio criado/existente: /home/rafael/Desktop/projetos/yduqs_back/app/downloadEstudio"}
{"timestamp": "2025-05-15T23:04:08.502573", "level": "INFO", "logger": "app.core.file_manager", "message": "Diret\u00f3rio criado/existente: app/arquivosTemporarios"}
{"timestamp": "2025-05-15T23:06:23.190473", "level": "INFO", "logger": "app.core.file_manager", "message": "Diret\u00f3rio criado/existente: /home/rafael/Desktop/projetos/yduqs_back/app/downloadHeygen"}
{"timestamp": "2025-05-15T23:06:23.206003", "level": "INFO", "logger": "app.core.file_manager", "message": "Diret\u00f3rio criado/existente: /home/rafael/Desktop/projetos/yduqs_back/app/downloadEstudio"}
{"timestamp": "2025-05-15T23:06:23.206137", "level": "INFO", "logger": "app.core.file_manager", "message": "Diret\u00f3rio criado/existente: app/arquivosTemporarios"}
{"timestamp": "2025-05-15T23:09:23.848689", "level": "INFO", "logger": "app.core.file_manager", "message": "Diret\u00f3rio criado/existente: /home/rafael/Desktop/projetos/yduqs_back/app/downloadHeygen"}
{"timestamp": "2025-05-15T23:09:23.868117", "level": "INFO", "logger": "app.core.file_manager", "message": "Diret\u00f3rio criado/existente: /home/rafael/Desktop/projetos/yduqs_back/app/downloadEstudio"}
{"timestamp": "2025-05-15T23:09:23.868322", "level": "INFO", "logger": "app.core.file_manager", "message": "Diret\u00f3rio criado/existente: app/arquivosTemporarios"}
{"timestamp": "2025-05-15T23:12:46.422379", "level": "INFO", "logger": "app.core.file_manager", "message": "Diret\u00f3rio criado/existente: /home/rafael/Desktop/projetos/yduqs_back/app/downloadHeygen"}
{"timestamp": "2025-05-15T23:12:46.440007", "level": "INFO", "logger": "app.core.file_manager", "message": "Diret\u00f3rio criado/existente: /home/rafael/Desktop/projetos/yduqs_back/app/downloadEstudio"}
{"timestamp": "2025-05-15T23:12:46.440176", "level": "INFO", "logger": "app.core.file_manager", "message": "Diret\u00f3rio criado/existente: app/arquivosTemporarios"}
{"timestamp": "2025-05-15T23:14:58.636963", "level": "INFO", "logger": "app.core.file_manager", "message": "Diret\u00f3rio criado/existente: /home/rafael/Desktop/projetos/yduqs_back/app/downloadHeygen"}
{"timestamp": "2025-05-15T23:14:58.656873", "level": "INFO", "logger": "app.core.file_manager", "message": "Diret\u00f3rio criado/existente: /home/rafael/Desktop/projetos/yduqs_back/app/downloadEstudio"}
{"timestamp": "2025-05-15T23:14:58.657059", "level": "INFO", "logger": "app.core.file_manager", "message": "Diret\u00f3rio criado/existente: app/arquivosTemporarios"}
{"timestamp": "2025-05-15T23:16:32.622075", "level": "INFO", "logger": "app.core.file_manager", "message": "Diret\u00f3rio criado/existente: /home/rafael/Desktop/projetos/yduqs_back/app/downloadHeygen"}
{"timestamp": "2025-05-15T23:16:32.640549", "level": "INFO", "logger": "app.core.file_manager", "message": "Diret\u00f3rio criado/existente: /home/rafael/Desktop/projetos/yduqs_back/app/downloadEstudio"}
{"timestamp": "2025-05-15T23:16:32.640770", "level": "INFO", "logger": "app.core.file_manager", "message": "Diret\u00f3rio criado/existente: app/arquivosTemporarios"}
{"timestamp": "2025-05-15T23:19:24.015297", "level": "INFO", "logger": "app.core.file_manager", "message": "Diret\u00f3rio criado/existente: /home/rafael/Desktop/projetos/yduqs_back/app/downloadHeygen"}
{"timestamp": "2025-05-15T23:19:24.030967", "level": "INFO", "logger": "app.core.file_manager", "message": "Diret\u00f3rio criado/existente: /home/rafael/Desktop/projetos/yduqs_back/app/downloadEstudio"}
{"timestamp": "2025-05-15T23:19:24.031133", "level": "INFO", "logger": "app.core.file_manager", "message": "Diret\u00f3rio criado/existente: app/arquivosTemporarios"}
{"timestamp": "2025-05-15T23:27:28.235654", "level": "INFO", "logger": "app.core.file_manager", "message": "Diret\u00f3rio criado/existente: /home/rafael/Desktop/projetos/yduqs_back/app/downloadHeygen"}
{"timestamp": "2025-05-15T23:27:28.265469", "level": "INFO", "logger": "app.core.file_manager", "message": "Diret\u00f3rio criado/existente: /home/rafael/Desktop/projetos/yduqs_back/app/downloadEstudio"}
{"timestamp": "2025-05-15T23:27:28.265752", "level": "INFO", "logger": "app.core.file_manager", "message": "Diret\u00f3rio criado/existente: app/arquivosTemporarios"}
{"timestamp": "2025-05-15T23:43:52.398353", "level": "INFO", "logger": "app.core.file_manager", "message": "Diret\u00f3rio criado/existente: /home/rafael/Desktop/projetos/yduqs_back/app/downloadHeygen"}
{"timestamp": "2025-05-15T23:43:52.418513", "level": "INFO", "logger": "app.core.file_manager", "message": "Diret\u00f3rio criado/existente: /home/rafael/Desktop/projetos/yduqs_back/app/downloadEstudio"}
{"timestamp": "2025-05-15T23:43:52.418657", "level": "INFO", "logger": "app.core.file_manager", "message": "Diret\u00f3rio criado/existente: app/arquivosTemporarios"}
{"timestamp": "2025-05-15T23:54:50.236701", "level": "INFO", "logger": "app.core.file_manager", "message": "Diret\u00f3rio criado/existente: /home/rafael/Desktop/projetos/yduqs_back/app/downloadHeygen"}
{"timestamp": "2025-05-15T23:54:50.257748", "level": "INFO", "logger": "app.core.file_manager", "message": "Diret\u00f3rio criado/existente: /home/rafael/Desktop/projetos/yduqs_back/app/downloadEstudio"}
{"timestamp": "2025-05-15T23:54:50.257887", "level": "INFO", "logger": "app.core.file_manager", "message": "Diret\u00f3rio criado/existente: app/arquivosTemporarios"}
{"timestamp": "2025-05-15T23:55:55.339730", "level": "INFO", "logger": "app.core.file_manager", "message": "Diret\u00f3rio criado/existente: /home/rafael/Desktop/projetos/yduqs_back/app/downloadHeygen"}
{"timestamp": "2025-05-15T23:55:55.358027", "level": "INFO", "logger": "app.core.file_manager", "message": "Diret\u00f3rio criado/existente: /home/rafael/Desktop/projetos/yduqs_back/app/downloadEstudio"}
{"timestamp": "2025-05-15T23:55:55.358203", "level": "INFO", "logger": "app.core.file_manager", "message": "Diret\u00f3rio criado/existente: app/arquivosTemporarios"}
{"timestamp": "2025-05-15T23:59:15.165221", "level": "INFO", "logger": "app.core.file_manager", "message": "Diret\u00f3rio criado/existente: /home/rafael/Desktop/projetos/yduqs_back/app/downloadHeygen"}
{"timestamp": "2025-05-15T23:59:15.189962", "level": "INFO", "logger": "app.core.file_manager", "message": "Diret\u00f3rio criado/existente: /home/rafael/Desktop/projetos/yduqs_back/app/downloadEstudio"}
{"timestamp": "2025-05-15T23:59:15.190210", "level": "INFO", "logger": "app.core.file_manager", "message": "Diret\u00f3rio criado/existente: app/arquivosTemporarios"}
{"timestamp": "2025-05-16T00:59:44.585940", "level": "INFO", "logger": "app.core.file_manager", "message": "Diret\u00f3rio criado/existente: /home/rafael/Desktop/projetos/yduqs_back/app/downloadHeygen"}
{"timestamp": "2025-05-16T00:59:44.603142", "level": "INFO", "logger": "app.core.file_manager", "message": "Diret\u00f3rio criado/existente: /home/rafael/Desktop/projetos/yduqs_back/app/downloadEstudio"}
{"timestamp": "2025-05-16T00:59:44.603280", "level": "INFO", "logger": "app.core.file_manager", "message": "Diret\u00f3rio criado/existente: app/arquivosTemporarios"}
{"timestamp": "2025-05-16T01:03:57.368698", "level": "INFO", "logger": "app.core.file_manager", "message": "Diret\u00f3rio criado/existente: /home/rafael/Desktop/projetos/yduqs_back/app/downloadHeygen"}
{"timestamp": "2025-05-16T01:03:57.388776", "level": "INFO", "logger": "app.core.file_manager", "message": "Diret\u00f3rio criado/existente: /home/rafael/Desktop/projetos/yduqs_back/app/downloadEstudio"}
{"timestamp": "2025-05-16T01:03:57.388952", "level": "INFO", "logger": "app.core.file_manager", "message": "Diret\u00f3rio criado/existente: app/arquivosTemporarios"}
{"timestamp": "2025-05-16T01:06:46.514439", "level": "INFO", "logger": "app.core.file_manager", "message": "Diret\u00f3rio criado/existente: /home/rafael/Desktop/projetos/yduqs_back/app/downloadHeygen"}
{"timestamp": "2025-05-16T01:06:46.544362", "level": "INFO", "logger": "app.core.file_manager", "message": "Diret\u00f3rio criado/existente: /home/rafael/Desktop/projetos/yduqs_back/app/downloadEstudio"}
{"timestamp": "2025-05-16T01:06:46.544544", "level": "INFO", "logger": "app.core.file_manager", "message": "Diret\u00f3rio criado/existente: app/arquivosTemporarios"}
{"timestamp": "2025-05-16T01:13:25.252258", "level": "INFO", "logger": "app.core.file_manager", "message": "Diret\u00f3rio criado/existente: /home/rafael/Desktop/projetos/yduqs_back/app/downloadHeygen"}
{"timestamp": "2025-05-16T01:13:25.271293", "level": "INFO", "logger": "app.core.file_manager", "message": "Diret\u00f3rio criado/existente: /home/rafael/Desktop/projetos/yduqs_back/app/downloadEstudio"}
{"timestamp": "2025-05-16T01:13:25.271538", "level": "INFO", "logger": "app.core.file_manager", "message": "Diret\u00f3rio criado/existente: app/arquivosTemporarios"}
{"timestamp": "2025-05-16T01:21:37.690563", "level": "INFO", "logger": "app.core.file_manager", "message": "Diret\u00f3rio criado/existente: /home/rafael/Desktop/projetos/yduqs_back/app/downloadHeygen"}
{"timestamp": "2025-05-16T01:21:37.713331", "level": "INFO", "logger": "app.core.file_manager", "message": "Diret\u00f3rio criado/existente: /home/rafael/Desktop/projetos/yduqs_back/app/downloadEstudio"}
{"timestamp": "2025-05-16T01:21:37.713607", "level": "INFO", "logger": "app.core.file_manager", "message": "Diret\u00f3rio criado/existente: app/arquivosTemporarios"}
{"timestamp": "2025-05-16T01:51:07.839235", "level": "INFO", "logger": "app.core.file_manager", "message": "Diret\u00f3rio criado/existente: /home/rafael/Desktop/projetos/yduqs_back/app/downloadHeygen"}
{"timestamp": "2025-05-16T01:51:07.865603", "level": "INFO", "logger": "app.core.file_manager", "message": "Diret\u00f3rio criado/existente: /home/rafael/Desktop/projetos/yduqs_back/app/downloadEstudio"}
{"timestamp": "2025-05-16T01:51:07.865820", "level": "INFO", "logger": "app.core.file_manager", "message": "Diret\u00f3rio criado/existente: app/arquivosTemporarios"}
{"timestamp": "2025-05-16T01:57:21.313760", "level": "INFO", "logger": "app.core.file_manager", "message": "Diret\u00f3rio criado/existente: /home/rafael/Desktop/projetos/yduqs_back/app/downloadHeygen"}
{"timestamp": "2025-05-16T01:57:21.336816", "level": "INFO", "logger": "app.core.file_manager", "message": "Diret\u00f3rio criado/existente: /home/rafael/Desktop/projetos/yduqs_back/app/downloadEstudio"}
{"timestamp": "2025-05-16T01:57:21.336999", "level": "INFO", "logger": "app.core.file_manager", "message": "Diret\u00f3rio criado/existente: app/arquivosTemporarios"}
{"timestamp": "2025-05-16T02:01:14.676599", "level": "INFO", "logger": "app.core.file_manager", "message": "Diret\u00f3rio criado/existente: /home/rafael/Desktop/projetos/yduqs_back/app/downloadHeygen"}
{"timestamp": "2025-05-16T02:01:14.695233", "level": "INFO", "logger": "app.core.file_manager", "message": "Diret\u00f3rio criado/existente: /home/rafael/Desktop/projetos/yduqs_back/app/downloadEstudio"}
{"timestamp": "2025-05-16T02:01:14.695378", "level": "INFO", "logger": "app.core.file_manager", "message": "Diret\u00f3rio criado/existente: app/arquivosTemporarios"}
{"timestamp": "2025-05-16T02:04:38.651909", "level": "INFO", "logger": "app.core.file_manager", "message": "Diret\u00f3rio criado/existente: /home/rafael/Desktop/projetos/yduqs_back/app/downloadHeygen"}
{"timestamp": "2025-05-16T02:04:38.670154", "level": "INFO", "logger": "app.core.file_manager", "message": "Diret\u00f3rio criado/existente: /home/rafael/Desktop/projetos/yduqs_back/app/downloadEstudio"}
{"timestamp": "2025-05-16T02:04:38.670304", "level": "INFO", "logger": "app.core.file_manager", "message": "Diret\u00f3rio criado/existente: app/arquivosTemporarios"}
{"timestamp": "2025-05-16T02:10:07.679720", "level": "INFO", "logger": "app.core.file_manager", "message": "Diret\u00f3rio criado/existente: /home/rafael/Desktop/projetos/yduqs_back/app/downloadHeygen"}
{"timestamp": "2025-05-16T02:10:07.698392", "level": "INFO", "logger": "app.core.file_manager", "message": "Diret\u00f3rio criado/existente: /home/rafael/Desktop/projetos/yduqs_back/app/downloadEstudio"}
{"timestamp": "2025-05-16T02:10:07.698561", "level": "INFO", "logger": "app.core.file_manager", "message": "Diret\u00f3rio criado/existente: app/arquivosTemporarios"}
{"timestamp": "2025-05-16T02:13:22.570477", "level": "INFO", "logger": "app.core.file_manager", "message": "Diret\u00f3rio criado/existente: /home/rafael/Desktop/projetos/yduqs_back/app/downloadHeygen"}
{"timestamp": "2025-05-16T02:13:22.589886", "level": "INFO", "logger": "app.core.file_manager", "message": "Diret\u00f3rio criado/existente: /home/rafael/Desktop/projetos/yduqs_back/app/downloadEstudio"}
{"timestamp": "2025-05-16T02:13:22.590042", "level": "INFO", "logger": "app.core.file_manager", "message": "Diret\u00f3rio criado/existente: app/arquivosTemporarios"}
{"timestamp": "2025-05-16T02:17:08.430345", "level": "INFO", "logger": "app.core.file_manager", "message": "Diret\u00f3rio criado/existente: /home/rafael/Desktop/projetos/yduqs_back/app/downloadHeygen"}
{"timestamp": "2025-05-16T02:17:08.448220", "level": "INFO", "logger": "app.core.file_manager", "message": "Diret\u00f3rio criado/existente: /home/rafael/Desktop/projetos/yduqs_back/app/downloadEstudio"}
{"timestamp": "2025-05-16T02:17:08.448407", "level": "INFO", "logger": "app.core.file_manager", "message": "Diret\u00f3rio criado/existente: app/arquivosTemporarios"}
{"timestamp": "2025-05-16T02:19:56.851310", "level": "INFO", "logger": "app.core.file_manager", "message": "Diret\u00f3rio criado/existente: /home/rafael/Desktop/projetos/yduqs_back/app/downloadHeygen"}
{"timestamp": "2025-05-16T02:19:56.868699", "level": "INFO", "logger": "app.core.file_manager", "message": "Diret\u00f3rio criado/existente: /home/rafael/Desktop/projetos/yduqs_back/app/downloadEstudio"}
{"timestamp": "2025-05-16T02:19:56.868866", "level": "INFO", "logger": "app.core.file_manager", "message": "Diret\u00f3rio criado/existente: app/arquivosTemporarios"}
{"timestamp": "2025-05-16T02:23:29.487523", "level": "INFO", "logger": "app.core.file_manager", "message": "Diret\u00f3rio criado/existente: /home/rafael/Desktop/projetos/yduqs_back/app/downloadHeygen"}
{"timestamp": "2025-05-16T02:23:29.505514", "level": "INFO", "logger": "app.core.file_manager", "message": "Diret\u00f3rio criado/existente: /home/rafael/Desktop/projetos/yduqs_back/app/downloadEstudio"}
{"timestamp": "2025-05-16T02:23:29.505745", "level": "INFO", "logger": "app.core.file_manager", "message": "Diret\u00f3rio criado/existente: app/arquivosTemporarios"}
{"timestamp": "2025-05-16T02:56:18.506831", "level": "INFO", "logger": "app.core.file_manager", "message": "Diret\u00f3rio criado/existente: /home/rafael/Desktop/projetos/yduqs_back/app/downloadHeygen"}
{"timestamp": "2025-05-16T02:56:18.541185", "level": "INFO", "logger": "app.core.file_manager", "message": "Diret\u00f3rio criado/existente: /home/rafael/Desktop/projetos/yduqs_back/app/downloadEstudio"}
{"timestamp": "2025-05-16T02:56:18.541382", "level": "INFO", "logger": "app.core.file_manager", "message": "Diret\u00f3rio criado/existente: app/arquivosTemporarios"}
{"timestamp": "2025-05-16T03:14:10.294923", "level": "INFO", "logger": "app.core.file_manager", "message": "Diret\u00f3rio criado/existente: /home/rafael/Desktop/projetos/yduqs_back/app/downloadHeygen"}
{"timestamp": "2025-05-16T03:14:10.335215", "level": "INFO", "logger": "app.core.file_manager", "message": "Diret\u00f3rio criado/existente: /home/rafael/Desktop/projetos/yduqs_back/app/downloadEstudio"}
{"timestamp": "2025-05-16T03:14:10.335382", "level": "INFO", "logger": "app.core.file_manager", "message": "Diret\u00f3rio criado/existente: app/arquivosTemporarios"}
{"timestamp": "2025-05-16T03:18:09.491786", "level": "INFO", "logger": "app.core.file_manager", "message": "Diret\u00f3rio criado/existente: /home/rafael/Desktop/projetos/yduqs_back/app/downloadHeygen"}
{"timestamp": "2025-05-16T03:18:09.510292", "level": "INFO", "logger": "app.core.file_manager", "message": "Diret\u00f3rio criado/existente: /home/rafael/Desktop/projetos/yduqs_back/app/downloadEstudio"}
{"timestamp": "2025-05-16T03:18:09.510469", "level": "INFO", "logger": "app.core.file_manager", "message": "Diret\u00f3rio criado/existente: app/arquivosTemporarios"}
{"timestamp": "2025-05-16T03:20:15.684110", "level": "INFO", "logger": "app.core.file_manager", "message": "Diret\u00f3rio criado/existente: /home/rafael/Desktop/projetos/yduqs_back/app/downloadHeygen"}
{"timestamp": "2025-05-16T03:20:15.711499", "level": "INFO", "logger": "app.core.file_manager", "message": "Diret\u00f3rio criado/existente: /home/rafael/Desktop/projetos/yduqs_back/app/downloadEstudio"}
{"timestamp": "2025-05-16T03:20:15.711871", "level": "INFO", "logger": "app.core.file_manager", "message": "Diret\u00f3rio criado/existente: app/arquivosTemporarios"}
{"timestamp": "2025-05-16T03:29:37.664971", "level": "INFO", "logger": "app.core.file_manager", "message": "Diret\u00f3rio criado/existente: /home/rafael/Desktop/projetos/yduqs_back/app/downloadHeygen"}
{"timestamp": "2025-05-16T03:29:37.713262", "level": "INFO", "logger": "app.core.file_manager", "message": "Diret\u00f3rio criado/existente: /home/rafael/Desktop/projetos/yduqs_back/app/downloadEstudio"}
{"timestamp": "2025-05-16T03:29:37.713441", "level": "INFO", "logger": "app.core.file_manager", "message": "Diret\u00f3rio criado/existente: app/arquivosTemporarios"}
{"timestamp": "2025-05-16T03:38:08.646345", "level": "INFO", "logger": "app.core.file_manager", "message": "Diret\u00f3rio criado/existente: /home/rafael/Desktop/projetos/yduqs_back/app/downloadHeygen"}
{"timestamp": "2025-05-16T03:38:08.682322", "level": "INFO", "logger": "app.core.file_manager", "message": "Diret\u00f3rio criado/existente: /home/rafael/Desktop/projetos/yduqs_back/app/downloadEstudio"}
{"timestamp": "2025-05-16T03:38:08.682543", "level": "INFO", "logger": "app.core.file_manager", "message": "Diret\u00f3rio criado/existente: app/arquivosTemporarios"}
{"timestamp": "2025-05-16T13:16:40.044991", "level": "INFO", "logger": "app.core.file_manager", "message": "Diret\u00f3rio criado/existente: /home/rafael/Desktop/projetos/yduqs_back/app/downloadHeygen"}
{"timestamp": "2025-05-16T13:16:40.090894", "level": "INFO", "logger": "app.core.file_manager", "message": "Diret\u00f3rio criado/existente: /home/rafael/Desktop/projetos/yduqs_back/app/downloadEstudio"}
{"timestamp": "2025-05-16T13:16:40.091085", "level": "INFO", "logger": "app.core.file_manager", "message": "Diret\u00f3rio criado/existente: app/arquivosTemporarios"}
{"timestamp": "2025-05-16T13:57:46.482552", "level": "INFO", "logger": "app.core.file_manager", "message": "Diret\u00f3rio criado/existente: /home/rafael/Desktop/projetos/yduqs_back/app/downloadHeygen"}
{"timestamp": "2025-05-16T13:58:27.852323", "level": "INFO", "logger": "app.core.file_manager", "message": "Diret\u00f3rio criado/existente: /home/rafael/Desktop/projetos/yduqs_back/app/downloadHeygen"}
{"timestamp": "2025-05-16T13:58:27.914877", "level": "INFO", "logger": "app.core.file_manager", "message": "Diret\u00f3rio criado/existente: /home/rafael/Desktop/projetos/yduqs_back/app/downloadEstudio"}
{"timestamp": "2025-05-16T13:58:27.915051", "level": "INFO", "logger": "app.core.file_manager", "message": "Diret\u00f3rio criado/existente: app/arquivosTemporarios"}
{"timestamp": "2025-05-16T14:07:54.828494", "level": "INFO", "logger": "app.core.file_manager", "message": "Diret\u00f3rio criado/existente: /home/rafael/Desktop/projetos/yduqs_back/app/downloadHeygen"}
{"timestamp": "2025-05-16T14:07:54.879465", "level": "INFO", "logger": "app.core.file_manager", "message": "Diret\u00f3rio criado/existente: /home/rafael/Desktop/projetos/yduqs_back/app/downloadEstudio"}
{"timestamp": "2025-05-16T14:07:54.879934", "level": "INFO", "logger": "app.core.file_manager", "message": "Diret\u00f3rio criado/existente: app/arquivosTemporarios"}
{"timestamp": "2025-05-16T14:31:57.070945", "level": "INFO", "logger": "app.core.file_manager", "message": "Diret\u00f3rio criado/existente: /home/rafael/Desktop/projetos/yduqs_back/app/downloadHeygen"}
{"timestamp": "2025-05-16T14:31:57.107231", "level": "INFO", "logger": "app.core.file_manager", "message": "Diret\u00f3rio criado/existente: /home/rafael/Desktop/projetos/yduqs_back/app/downloadEstudio"}
{"timestamp": "2025-05-16T14:31:57.107397", "level": "INFO", "logger": "app.core.file_manager", "message": "Diret\u00f3rio criado/existente: /home/rafael/Desktop/projetos/yduqs_back/app/arquivosTemporarios"}
{"timestamp": "2025-05-16T14:39:56.740901", "level": "INFO", "logger": "app.core.file_manager", "message": "Diret\u00f3rio criado/existente: /home/rafael/Desktop/projetos/yduqs_back/app/downloadHeygen"}
{"timestamp": "2025-05-16T14:39:56.768003", "level": "INFO", "logger": "app.core.file_manager", "message": "Diret\u00f3rio criado/existente: /home/rafael/Desktop/projetos/yduqs_back/app/downloadEstudio"}
{"timestamp": "2025-05-16T14:39:56.768213", "level": "INFO", "logger": "app.core.file_manager", "message": "Diret\u00f3rio criado/existente: /home/rafael/Desktop/projetos/yduqs_back/app/arquivosTemporarios"}
{"timestamp": "2025-05-16T14:48:21.006047", "level": "INFO", "logger": "app.core.file_manager", "message": "Diret\u00f3rio criado/existente: /home/rafael/Desktop/projetos/yduqs_back/app/downloadHeygen"}
{"timestamp": "2025-05-16T14:48:21.034136", "level": "INFO", "logger": "app.core.file_manager", "message": "Diret\u00f3rio criado/existente: /home/rafael/Desktop/projetos/yduqs_back/app/downloadEstudio"}
{"timestamp": "2025-05-16T14:48:21.034637", "level": "INFO", "logger": "app.core.file_manager", "message": "Diret\u00f3rio criado/existente: /home/rafael/Desktop/projetos/yduqs_back/app/arquivosTemporarios"}
{"timestamp": "2025-05-16T15:01:47.353889", "level": "INFO", "logger": "app.core.file_manager", "message": "Diret\u00f3rio criado/existente: /home/rafael/Desktop/projetos/yduqs_back/app/downloadHeygen"}
{"timestamp": "2025-05-16T15:01:47.374202", "level": "INFO", "logger": "app.core.file_manager", "message": "Diret\u00f3rio criado/existente: /home/rafael/Desktop/projetos/yduqs_back/app/downloadEstudio"}
{"timestamp": "2025-05-16T15:01:47.374414", "level": "INFO", "logger": "app.core.file_manager", "message": "Diret\u00f3rio criado/existente: /home/rafael/Desktop/projetos/yduqs_back/app/arquivosTemporarios"}
{"timestamp": "2025-05-16T15:03:00.150676", "level": "INFO", "logger": "app.core.file_manager", "message": "Diret\u00f3rio criado/existente: /home/rafael/Desktop/projetos/yduqs_back/app/downloadHeygen"}
{"timestamp": "2025-05-16T15:03:00.167417", "level": "INFO", "logger": "app.core.file_manager", "message": "Diret\u00f3rio criado/existente: /home/rafael/Desktop/projetos/yduqs_back/app/downloadEstudio"}
{"timestamp": "2025-05-16T15:03:00.167589", "level": "INFO", "logger": "app.core.file_manager", "message": "Diret\u00f3rio criado/existente: /home/rafael/Desktop/projetos/yduqs_back/app/arquivosTemporarios"}
{"timestamp": "2025-05-16T15:04:34.320867", "level": "INFO", "logger": "app.core.file_manager", "message": "Diret\u00f3rio criado/existente: /home/rafael/Desktop/projetos/yduqs_back/app/downloadHeygen"}
{"timestamp": "2025-05-16T15:04:34.338793", "level": "INFO", "logger": "app.core.file_manager", "message": "Diret\u00f3rio criado/existente: /home/rafael/Desktop/projetos/yduqs_back/app/downloadEstudio"}
{"timestamp": "2025-05-16T15:04:34.338967", "level": "INFO", "logger": "app.core.file_manager", "message": "Diret\u00f3rio criado/existente: /home/rafael/Desktop/projetos/yduqs_back/app/arquivosTemporarios"}
{"timestamp": "2025-05-16T15:06:15.209250", "level": "INFO", "logger": "app.core.file_manager", "message": "Diret\u00f3rio criado/existente: /home/rafael/Desktop/projetos/yduqs_back/app/downloadHeygen"}
{"timestamp": "2025-05-16T15:06:15.227080", "level": "INFO", "logger": "app.core.file_manager", "message": "Diret\u00f3rio criado/existente: /home/rafael/Desktop/projetos/yduqs_back/app/downloadEstudio"}
{"timestamp": "2025-05-16T15:06:15.227250", "level": "INFO", "logger": "app.core.file_manager", "message": "Diret\u00f3rio criado/existente: /home/rafael/Desktop/projetos/yduqs_back/app/arquivosTemporarios"}
{"timestamp": "2025-05-16T17:00:32.578140", "level": "INFO", "logger": "app.core.file_manager", "message": "Diret\u00f3rio criado/existente: /home/rafael/Desktop/projetos/yduqs_back/app/downloadHeygen"}
{"timestamp": "2025-05-16T17:00:32.596626", "level": "INFO", "logger": "app.core.file_manager", "message": "Diret\u00f3rio criado/existente: /home/rafael/Desktop/projetos/yduqs_back/app/downloadEstudio"}
{"timestamp": "2025-05-16T17:00:32.596811", "level": "INFO", "logger": "app.core.file_manager", "message": "Diret\u00f3rio criado/existente: /home/rafael/Desktop/projetos/yduqs_back/app/arquivosTemporarios"}
{"timestamp": "2025-05-16T17:12:02.805954", "level": "INFO", "logger": "app.core.file_manager", "message": "Diret\u00f3rio criado/existente: /home/rafael/Desktop/projetos/yduqs_back/app/downloadHeygen"}
{"timestamp": "2025-05-16T17:12:02.829391", "level": "INFO", "logger": "app.core.file_manager", "message": "Diret\u00f3rio criado/existente: /home/rafael/Desktop/projetos/yduqs_back/app/downloadEstudio"}
{"timestamp": "2025-05-16T17:12:02.829597", "level": "INFO", "logger": "app.core.file_manager", "message": "Diret\u00f3rio criado/existente: /home/rafael/Desktop/projetos/yduqs_back/app/arquivosTemporarios"}
{"timestamp": "2025-05-16T17:39:48.938773", "level": "INFO", "logger": "app.core.file_manager", "message": "Diret\u00f3rio criado/existente: /home/rafael/Desktop/projetos/yduqs_back/app/downloadHeygen"}
{"timestamp": "2025-05-16T17:39:48.959921", "level": "INFO", "logger": "app.core.file_manager", "message": "Diret\u00f3rio criado/existente: /home/rafael/Desktop/projetos/yduqs_back/app/downloadEstudio"}
{"timestamp": "2025-05-16T17:39:48.960203", "level": "INFO", "logger": "app.core.file_manager", "message": "Diret\u00f3rio criado/existente: /home/rafael/Desktop/projetos/yduqs_back/app/arquivosTemporarios"}
{"timestamp": "2025-05-16T18:07:33.936327", "level": "INFO", "logger": "app.core.file_manager", "message": "Diret\u00f3rio criado/existente: /home/rafael/Desktop/projetos/yduqs_back/app/downloadHeygen"}
{"timestamp": "2025-05-16T18:07:33.967423", "level": "INFO", "logger": "app.core.file_manager", "message": "Diret\u00f3rio criado/existente: /home/rafael/Desktop/projetos/yduqs_back/app/downloadEstudio"}
{"timestamp": "2025-05-16T18:07:33.967782", "level": "INFO", "logger": "app.core.file_manager", "message": "Diret\u00f3rio criado/existente: app/arquivosTemporarios"}
{"timestamp": "2025-05-16T18:11:43.985705", "level": "INFO", "logger": "app.core.file_manager", "message": "Diret\u00f3rio criado/existente: /home/rafael/Desktop/projetos/yduqs_back/app/downloadHeygen"}
{"timestamp": "2025-05-16T18:11:44.005504", "level": "INFO", "logger": "app.core.file_manager", "message": "Diret\u00f3rio criado/existente: /home/rafael/Desktop/projetos/yduqs_back/app/downloadEstudio"}
{"timestamp": "2025-05-16T18:11:44.005711", "level": "INFO", "logger": "app.core.file_manager", "message": "Diret\u00f3rio criado/existente: app/arquivosTemporarios"}
{"timestamp": "2025-05-16T18:23:38.511389", "level": "INFO", "logger": "app.core.file_manager", "message": "Diret\u00f3rio criado/existente: /home/rafael/Desktop/projetos/yduqs_back/app/downloadHeygen"}
{"timestamp": "2025-05-16T18:23:38.530246", "level": "INFO", "logger": "app.core.file_manager", "message": "Diret\u00f3rio criado/existente: /home/rafael/Desktop/projetos/yduqs_back/app/downloadEstudio"}
{"timestamp": "2025-05-16T18:23:38.530396", "level": "INFO", "logger": "app.core.file_manager", "message": "Diret\u00f3rio criado/existente: app/arquivosTemporarios"}
{"timestamp": "2025-05-16T18:27:09.881686", "level": "INFO", "logger": "app.core.file_manager", "message": "Diret\u00f3rio criado/existente: /home/rafael/Desktop/projetos/yduqs_back/app/downloadHeygen"}
{"timestamp": "2025-05-16T18:27:09.902687", "level": "INFO", "logger": "app.core.file_manager", "message": "Diret\u00f3rio criado/existente: /home/rafael/Desktop/projetos/yduqs_back/app/downloadEstudio"}
{"timestamp": "2025-05-16T18:27:09.902916", "level": "INFO", "logger": "app.core.file_manager", "message": "Diret\u00f3rio criado/existente: app/arquivosTemporarios"}
{"timestamp": "2025-05-16T18:27:26.849782", "level": "INFO", "logger": "app.core.file_manager", "message": "Diret\u00f3rio criado/existente: /home/rafael/Desktop/projetos/yduqs_back/app/downloadHeygen"}
{"timestamp": "2025-05-16T18:27:26.871457", "level": "INFO", "logger": "app.core.file_manager", "message": "Diret\u00f3rio criado/existente: /home/rafael/Desktop/projetos/yduqs_back/app/downloadEstudio"}
{"timestamp": "2025-05-16T18:27:26.871784", "level": "INFO", "logger": "app.core.file_manager", "message": "Diret\u00f3rio criado/existente: app/arquivosTemporarios"}
{"timestamp": "2025-05-16T18:39:40.149107", "level": "INFO", "logger": "app.core.file_manager", "message": "Diret\u00f3rio criado/existente: /home/rafael/Desktop/projetos/yduqs_back/app/downloadHeygen"}
{"timestamp": "2025-05-16T18:39:40.177174", "level": "INFO", "logger": "app.core.file_manager", "message": "Diret\u00f3rio criado/existente: /home/rafael/Desktop/projetos/yduqs_back/app/downloadEstudio"}
{"timestamp": "2025-05-16T18:39:40.177527", "level": "INFO", "logger": "app.core.file_manager", "message": "Diret\u00f3rio criado/existente: app/arquivosTemporarios"}
{"timestamp": "2025-05-16T18:57:55.592185", "level": "INFO", "logger": "app.core.file_manager", "message": "Diret\u00f3rio criado/existente: /home/rafael/Desktop/projetos/yduqs_back/app/downloadHeygen"}
{"timestamp": "2025-05-16T18:57:55.662133", "level": "INFO", "logger": "app.core.file_manager", "message": "Diret\u00f3rio criado/existente: /home/rafael/Desktop/projetos/yduqs_back/app/downloadEstudio"}
{"timestamp": "2025-05-16T18:57:55.662311", "level": "INFO", "logger": "app.core.file_manager", "message": "Diret\u00f3rio criado/existente: app/arquivosTemporarios"}
{"timestamp": "2025-05-16T18:59:34.924892", "level": "INFO", "logger": "app.core.file_manager", "message": "Diret\u00f3rio criado/existente: /home/rafael/Desktop/projetos/yduqs_back/app/downloadHeygen"}
{"timestamp": "2025-05-16T18:59:34.947284", "level": "INFO", "logger": "app.core.file_manager", "message": "Diret\u00f3rio criado/existente: /home/rafael/Desktop/projetos/yduqs_back/app/downloadEstudio"}
{"timestamp": "2025-05-16T18:59:34.947910", "level": "INFO", "logger": "app.core.file_manager", "message": "Diret\u00f3rio criado/existente: app/arquivosTemporarios"}
{"timestamp": "2025-05-16T19:03:31.325022", "level": "INFO", "logger": "app.core.file_manager", "message": "Diret\u00f3rio criado/existente: /home/rafael/Desktop/projetos/yduqs_back/app/downloadHeygen"}
{"timestamp": "2025-05-16T19:03:31.348992", "level": "INFO", "logger": "app.core.file_manager", "message": "Diret\u00f3rio criado/existente: /home/rafael/Desktop/projetos/yduqs_back/app/downloadEstudio"}
{"timestamp": "2025-05-16T19:03:31.349681", "level": "INFO", "logger": "app.core.file_manager", "message": "Diret\u00f3rio criado/existente: app/arquivosTemporarios"}
{"timestamp": "2025-05-16T19:08:04.652609", "level": "INFO", "logger": "app.core.file_manager", "message": "Diret\u00f3rio criado/existente: /home/rafael/Desktop/projetos/yduqs_back/app/downloadHeygen"}
{"timestamp": "2025-05-16T19:08:04.672687", "level": "INFO", "logger": "app.core.file_manager", "message": "Diret\u00f3rio criado/existente: /home/rafael/Desktop/projetos/yduqs_back/app/downloadEstudio"}
{"timestamp": "2025-05-16T19:08:04.672848", "level": "INFO", "logger": "app.core.file_manager", "message": "Diret\u00f3rio criado/existente: app/arquivosTemporarios"}
{"timestamp": "2025-05-16T19:13:48.064331", "level": "INFO", "logger": "app.core.file_manager", "message": "Diret\u00f3rio criado/existente: /home/rafael/Desktop/projetos/yduqs_back/app/downloadHeygen"}
{"timestamp": "2025-05-16T19:13:48.083370", "level": "INFO", "logger": "app.core.file_manager", "message": "Diret\u00f3rio criado/existente: /home/rafael/Desktop/projetos/yduqs_back/app/downloadEstudio"}
{"timestamp": "2025-05-16T19:13:48.083562", "level": "INFO", "logger": "app.core.file_manager", "message": "Diret\u00f3rio criado/existente: app/arquivosTemporarios"}
{"timestamp": "2025-05-16T19:16:28.712859", "level": "INFO", "logger": "app.core.file_manager", "message": "Diret\u00f3rio criado/existente: /home/rafael/Desktop/projetos/yduqs_back/app/downloadHeygen"}
{"timestamp": "2025-05-16T19:16:28.731891", "level": "INFO", "logger": "app.core.file_manager", "message": "Diret\u00f3rio criado/existente: /home/rafael/Desktop/projetos/yduqs_back/app/downloadEstudio"}
{"timestamp": "2025-05-16T19:16:28.732151", "level": "INFO", "logger": "app.core.file_manager", "message": "Diret\u00f3rio criado/existente: app/arquivosTemporarios"}
{"timestamp": "2025-05-16T21:52:49.134860", "level": "INFO", "logger": "app.core.file_manager", "message": "Diret\u00f3rio criado/existente: /home/rafael/Desktop/projetos/yduqs_back/app/downloadHeygen"}
{"timestamp": "2025-05-16T21:52:49.172573", "level": "INFO", "logger": "app.core.file_manager", "message": "Diret\u00f3rio criado/existente: /home/rafael/Desktop/projetos/yduqs_back/app/downloadEstudio"}
{"timestamp": "2025-05-16T21:52:49.172714", "level": "INFO", "logger": "app.core.file_manager", "message": "Diret\u00f3rio criado/existente: app/arquivosTemporarios"}
{"timestamp": "2025-05-16T21:54:37.346354", "level": "INFO", "logger": "app.core.file_manager", "message": "Diret\u00f3rio criado/existente: /home/rafael/Desktop/projetos/yduqs_back/app/downloadHeygen"}
{"timestamp": "2025-05-16T21:54:37.366055", "level": "INFO", "logger": "app.core.file_manager", "message": "Diret\u00f3rio criado/existente: /home/rafael/Desktop/projetos/yduqs_back/app/downloadEstudio"}
{"timestamp": "2025-05-16T21:54:37.366229", "level": "INFO", "logger": "app.core.file_manager", "message": "Diret\u00f3rio criado/existente: app/arquivosTemporarios"}
{"timestamp": "2025-05-16T22:05:36.660196", "level": "INFO", "logger": "app.core.file_manager", "message": "Diret\u00f3rio criado/existente: /home/rafael/Desktop/projetos/yduqs_back/app/downloadHeygen"}
{"timestamp": "2025-05-16T22:05:36.680908", "level": "INFO", "logger": "app.core.file_manager", "message": "Diret\u00f3rio criado/existente: /home/rafael/Desktop/projetos/yduqs_back/app/downloadEstudio"}
{"timestamp": "2025-05-16T22:05:36.681057", "level": "INFO", "logger": "app.core.file_manager", "message": "Diret\u00f3rio criado/existente: app/arquivosTemporarios"}
{"timestamp": "2025-05-16T22:08:31.806789", "level": "INFO", "logger": "app.core.file_manager", "message": "Diret\u00f3rio criado/existente: /home/rafael/Desktop/projetos/yduqs_back/app/downloadHeygen"}
{"timestamp": "2025-05-16T22:08:31.826216", "level": "INFO", "logger": "app.core.file_manager", "message": "Diret\u00f3rio criado/existente: /home/rafael/Desktop/projetos/yduqs_back/app/downloadEstudio"}
{"timestamp": "2025-05-16T22:08:31.826393", "level": "INFO", "logger": "app.core.file_manager", "message": "Diret\u00f3rio criado/existente: app/arquivosTemporarios"}
{"timestamp": "2025-05-16T22:41:13.592368", "level": "INFO", "logger": "app.core.file_manager", "message": "Diret\u00f3rio criado/existente: /home/rafael/Desktop/projetos/yduqs_back/app/downloadHeygen"}
{"timestamp": "2025-05-16T22:41:13.611279", "level": "INFO", "logger": "app.core.file_manager", "message": "Diret\u00f3rio criado/existente: /home/rafael/Desktop/projetos/yduqs_back/app/downloadEstudio"}
{"timestamp": "2025-05-16T22:41:13.611448", "level": "INFO", "logger": "app.core.file_manager", "message": "Diret\u00f3rio criado/existente: app/arquivosTemporarios"}
{"timestamp": "2025-05-19T17:49:44.920813", "level": "INFO", "logger": "app.core.file_manager", "message": "Diret\u00f3rio criado/existente: /home/rafael/Desktop/projetos/yduqs_back/app/downloadHeygen"}
{"timestamp": "2025-05-19T17:49:44.961053", "level": "INFO", "logger": "app.core.file_manager", "message": "Diret\u00f3rio criado/existente: /home/rafael/Desktop/projetos/yduqs_back/app/downloadEstudio"}
{"timestamp": "2025-05-19T17:49:44.961255", "level": "INFO", "logger": "app.core.file_manager", "message": "Diret\u00f3rio criado/existente: app/arquivosTemporarios"}
{"timestamp": "2025-05-19T17:55:55.645933", "level": "INFO", "logger": "app.core.file_manager", "message": "Diret\u00f3rio criado/existente: /home/rafael/Desktop/projetos/yduqs_back/app/downloadHeygen"}
{"timestamp": "2025-05-19T17:55:55.663799", "level": "INFO", "logger": "app.core.file_manager", "message": "Diret\u00f3rio criado/existente: /home/rafael/Desktop/projetos/yduqs_back/app/downloadEstudio"}
{"timestamp": "2025-05-19T17:55:55.663966", "level": "INFO", "logger": "app.core.file_manager", "message": "Diret\u00f3rio criado/existente: app/arquivosTemporarios"}
{"timestamp": "2025-05-19T18:09:45.349783", "level": "INFO", "logger": "app.core.file_manager", "message": "Diret\u00f3rio criado/existente: /home/rafael/Desktop/projetos/yduqs_back/app/downloadHeygen"}
{"timestamp": "2025-05-19T18:09:46.926196", "level": "INFO", "logger": "app.core.file_manager", "message": "Diret\u00f3rio criado/existente: /home/rafael/Desktop/projetos/yduqs_back/app/downloadEstudio"}
{"timestamp": "2025-05-19T18:09:47.426369", "level": "INFO", "logger": "app.core.file_manager", "message": "Diret\u00f3rio criado/existente: app/arquivosTemporarios"}
{"timestamp": "2025-05-19T18:11:27.564334", "level": "INFO", "logger": "app.core.file_manager", "message": "Diret\u00f3rio criado/existente: /home/rafael/Desktop/projetos/yduqs_back/app/downloadHeygen"}
{"timestamp": "2025-05-19T18:11:29.179454", "level": "INFO", "logger": "app.core.file_manager", "message": "Diret\u00f3rio criado/existente: /home/rafael/Desktop/projetos/yduqs_back/app/downloadEstudio"}
{"timestamp": "2025-05-19T18:11:30.329317", "level": "INFO", "logger": "app.core.file_manager", "message": "Diret\u00f3rio criado/existente: app/arquivosTemporarios"}
{"timestamp": "2025-05-19T18:16:07.865029", "level": "INFO", "logger": "app.core.file_manager", "message": "Diret\u00f3rio criado/existente: /home/rafael/Desktop/projetos/yduqs_back/app/downloadHeygen"}
{"timestamp": "2025-05-19T18:17:10.197407", "level": "INFO", "logger": "app.core.file_manager", "message": "Diret\u00f3rio criado/existente: /home/rafael/Desktop/projetos/yduqs_back/app/downloadHeygen"}
{"timestamp": "2025-05-19T18:19:14.268106", "level": "INFO", "logger": "app.core.file_manager", "message": "Diret\u00f3rio criado/existente: /home/rafael/Desktop/projetos/yduqs_back/app/downloadHeygen"}
{"timestamp": "2025-05-19T18:20:15.925701", "level": "INFO", "logger": "app.core.file_manager", "message": "Diret\u00f3rio criado/existente: /home/rafael/Desktop/projetos/yduqs_back/app/downloadHeygen"}
{"timestamp": "2025-05-19T18:21:59.650828", "level": "INFO", "logger": "app.core.file_manager", "message": "Diret\u00f3rio criado/existente: /home/rafael/Desktop/projetos/yduqs_back/app/downloadHeygen"}
{"timestamp": "2025-05-19T18:24:54.622479", "level": "INFO", "logger": "app.core.file_manager", "message": "Diret\u00f3rio criado/existente: /home/rafael/Desktop/projetos/yduqs_back/app/downloadHeygen"}
{"timestamp": "2025-05-19T18:25:51.626812", "level": "INFO", "logger": "app.core.file_manager", "message": "Diret\u00f3rio criado/existente: /home/rafael/Desktop/projetos/yduqs_back/app/downloadHeygen"}
{"timestamp": "2025-05-19T18:27:15.078752", "level": "INFO", "logger": "app.core.file_manager", "message": "Diret\u00f3rio criado/existente: /home/rafael/Desktop/projetos/yduqs_back/app/downloadHeygen"}
{"timestamp": "2025-05-19T18:28:36.210893", "level": "INFO", "logger": "app.core.file_manager", "message": "Diret\u00f3rio criado/existente: /home/rafael/Desktop/projetos/yduqs_back/app/downloadHeygen"}
{"timestamp": "2025-05-19T18:29:28.045130", "level": "INFO", "logger": "app.core.file_manager", "message": "Diret\u00f3rio criado/existente: /home/rafael/Desktop/projetos/yduqs_back/app/downloadHeygen"}
{"timestamp": "2025-05-19T18:29:28.075141", "level": "INFO", "logger": "app.core.file_manager", "message": "Diret\u00f3rio criado/existente: /home/rafael/Desktop/projetos/yduqs_back/app/downloadEstudio"}
{"timestamp": "2025-05-19T18:29:28.075290", "level": "INFO", "logger": "app.core.file_manager", "message": "Diret\u00f3rio criado/existente: app/arquivosTemporarios"}
